1694610485486	geckodriver	INFO	Listening on 127.0.0.1:46403
1694610485540	mozrunner::runner	INFO	Running command: MOZ_CRASHREPORTER="1" MOZ_CRASHREPORTER_NO_REPORT="1" MOZ_CRASHREPORTER_SHUTDOWN="1" MOZ_NO_REMOTE="1" "/usr ... te" "--remote-debugging-port" "35711" "--remote-allow-hosts" "localhost" "-no-remote" "-profile" "/tmp/rust_mozprofileeEVE0K"
console.warn: services.settings: Ignoring preference override of remote settings server
console.warn: services.settings: Allow by setting MOZ_REMOTE_SETTINGS_DEVTOOLS=1 in the environment
Crash Annotation GraphicsCriticalError: |[0][GFX1-]: vaapitest: ERROR (t=0.753332) [GFX1-]: vaapitest: ERROR
Crash Annotation GraphicsCriticalError: |[0][GFX1-]: vaapitest: ERROR (t=0.753332) |[1][GFX1-]: vaapitest: VA-API test failed: failed to initialise VAAPI connection.
 (t=0.75338) [GFX1-]: vaapitest: VA-API test failed: failed to initialise VAAPI connection.

ATTENTION: default value of option mesa_glthread overridden by environment.
1694610486367	Marionette	INFO	Marionette enabled
ATTENTION: default value of option mesa_glthread overridden by environment.
1694610486522	Marionette	INFO	Listening on port 38195
Read port: 38195
WebDriver BiDi listening on ws://127.0.0.1:35711
1694610486620	RemoteAgent	WARN	TLS certificate errors will be ignored for this session
console.error: ({})
DevTools listening on ws://127.0.0.1:35711/devtools/browser/e8c8594a-333a-4874-8018-7a22ad3b5fbd
1694610501249	Marionette	INFO	Stopped listening on port 38195
1694610563473	geckodriver	INFO	Listening on 127.0.0.1:41605
1694610564027	mozrunner::runner	INFO	Running command: MOZ_CRASHREPORTER="1" MOZ_CRASHREPORTER_NO_REPORT="1" MOZ_CRASHREPORTER_SHUTDOWN="1" MOZ_NO_REMOTE="1" "/usr ... te" "--remote-debugging-port" "50483" "--remote-allow-hosts" "localhost" "-no-remote" "-profile" "/tmp/rust_mozprofile2iBcP8"
console.warn: services.settings: Ignoring preference override of remote settings server
console.warn: services.settings: Allow by setting MOZ_REMOTE_SETTINGS_DEVTOOLS=1 in the environment
Crash Annotation GraphicsCriticalError: |[0][GFX1-]: vaapitest: ERROR (t=0.728665) [GFX1-]: vaapitest: ERROR
Crash Annotation GraphicsCriticalError: |[0][GFX1-]: vaapitest: ERROR (t=0.728665) |[1][GFX1-]: vaapitest: VA-API test failed: failed to initialise VAAPI connection.
 (t=0.728712) [GFX1-]: vaapitest: VA-API test failed: failed to initialise VAAPI connection.

ATTENTION: default value of option mesa_glthread overridden by environment.
1694610564827	Marionette	INFO	Marionette enabled
ATTENTION: default value of option mesa_glthread overridden by environment.
1694610564957	Marionette	INFO	Listening on port 35679
WebDriver BiDi listening on ws://127.0.0.1:50483
Read port: 35679
1694610565308	RemoteAgent	WARN	TLS certificate errors will be ignored for this session
console.error: ({})
DevTools listening on ws://127.0.0.1:50483/devtools/browser/b957f5b0-1d5b-4e0f-bb6b-014050f7e8a6
1694610570995	Marionette	INFO	Stopped listening on port 35679
JavaScript error: resource://services-settings/Utils.sys.mjs, line 229: TypeError: NetworkError: Network request failed
1694610579798	geckodriver	INFO	Listening on 127.0.0.1:36293
1694610579858	mozrunner::runner	INFO	Running command: MOZ_CRASHREPORTER="1" MOZ_CRASHREPORTER_NO_REPORT="1" MOZ_CRASHREPORTER_SHUTDOWN="1" MOZ_NO_REMOTE="1" "/usr ... te" "--remote-debugging-port" "57433" "--remote-allow-hosts" "localhost" "-no-remote" "-profile" "/tmp/rust_mozprofile2dGfcA"
console.warn: services.settings: Ignoring preference override of remote settings server
console.warn: services.settings: Allow by setting MOZ_REMOTE_SETTINGS_DEVTOOLS=1 in the environment
Crash Annotation GraphicsCriticalError: |[0][GFX1-]: vaapitest: ERROR (t=0.748303) [GFX1-]: vaapitest: ERROR
Crash Annotation GraphicsCriticalError: |[0][GFX1-]: vaapitest: ERROR (t=0.748303) |[1][GFX1-]: vaapitest: VA-API test failed: failed to initialise VAAPI connection.
 (t=0.748349) [GFX1-]: vaapitest: VA-API test failed: failed to initialise VAAPI connection.

ATTENTION: default value of option mesa_glthread overridden by environment.
1694610580674	Marionette	INFO	Marionette enabled
ATTENTION: default value of option mesa_glthread overridden by environment.
1694610580809	Marionette	INFO	Listening on port 42855
WebDriver BiDi listening on ws://127.0.0.1:57433
Read port: 42855
1694610581142	RemoteAgent	WARN	TLS certificate errors will be ignored for this session
console.error: ({})
DevTools listening on ws://127.0.0.1:57433/devtools/browser/d664f5b4-6782-4483-b950-e446d99e092d
console.error: "update.locale" " file doesn't exist in either the application or GRE directories"
1694610741523	geckodriver	INFO	Listening on 127.0.0.1:40167
1694610741580	mozrunner::runner	INFO	Running command: MOZ_CRASHREPORTER="1" MOZ_CRASHREPORTER_NO_REPORT="1" MOZ_CRASHREPORTER_SHUTDOWN="1" MOZ_NO_REMOTE="1" "/usr ... te" "--remote-debugging-port" "51001" "--remote-allow-hosts" "localhost" "-no-remote" "-profile" "/tmp/rust_mozprofiletRYVi0"
console.warn: services.settings: Ignoring preference override of remote settings server
console.warn: services.settings: Allow by setting MOZ_REMOTE_SETTINGS_DEVTOOLS=1 in the environment
Crash Annotation GraphicsCriticalError: |[0][GFX1-]: vaapitest: ERROR (t=0.721533) [GFX1-]: vaapitest: ERROR
Crash Annotation GraphicsCriticalError: |[0][GFX1-]: vaapitest: ERROR (t=0.721533) |[1][GFX1-]: vaapitest: VA-API test failed: failed to initialise VAAPI connection.
 (t=0.721582) [GFX1-]: vaapitest: VA-API test failed: failed to initialise VAAPI connection.

ATTENTION: default value of option mesa_glthread overridden by environment.
1694610742384	Marionette	INFO	Marionette enabled
ATTENTION: default value of option mesa_glthread overridden by environment.
1694610742516	Marionette	INFO	Listening on port 43847
WebDriver BiDi listening on ws://127.0.0.1:51001
Read port: 43847
1694610742850	RemoteAgent	WARN	TLS certificate errors will be ignored for this session
console.error: ({})
DevTools listening on ws://127.0.0.1:51001/devtools/browser/1b375d96-a58a-4f51-a640-28a1cf43668e
JavaScript error: resource://gre/modules/AsyncShutdown.sys.mjs, line 575: NotFoundError: No such JSWindowActor 'DevToolsFrame'
JavaScript error: resource://gre/modules/AsyncShutdown.sys.mjs, line 575: NotFoundError: No such JSWindowActor 'DevToolsFrame'
1694610770440	Marionette	INFO	Stopped listening on port 42855
1694610772215	Marionette	INFO	Stopped listening on port 43847
console.error: "update.locale" " file doesn't exist in either the application or GRE directories"
console.error: (new Error("Polling for changes failed: NetworkError: Network request failed.", "resource://services-settings/remote-settings.sys.mjs", 324))
1694610772818	addons.xpi	ERROR	System addon update list error Error: Failed downloading XML, status: 0, channelStatus: 2147500036, errorCode: 2, reason: error
1694610774795	geckodriver	INFO	Listening on 127.0.0.1:51919
1694610774850	mozrunner::runner	INFO	Running command: MOZ_CRASHREPORTER="1" MOZ_CRASHREPORTER_NO_REPORT="1" MOZ_CRASHREPORTER_SHUTDOWN="1" MOZ_NO_REMOTE="1" "/usr ... te" "--remote-debugging-port" "46291" "--remote-allow-hosts" "localhost" "-no-remote" "-profile" "/tmp/rust_mozprofilehz0jmt"
console.warn: services.settings: Ignoring preference override of remote settings server
console.warn: services.settings: Allow by setting MOZ_REMOTE_SETTINGS_DEVTOOLS=1 in the environment
Crash Annotation GraphicsCriticalError: |[0][GFX1-]: vaapitest: ERROR (t=0.737338) [GFX1-]: vaapitest: ERROR
Crash Annotation GraphicsCriticalError: |[0][GFX1-]: vaapitest: ERROR (t=0.737338) |[1][GFX1-]: vaapitest: VA-API test failed: failed to initialise VAAPI connection.
 (t=0.737404) [GFX1-]: vaapitest: VA-API test failed: failed to initialise VAAPI connection.

ATTENTION: default value of option mesa_glthread overridden by environment.
1694610775652	Marionette	INFO	Marionette enabled
ATTENTION: default value of option mesa_glthread overridden by environment.
1694610775778	Marionette	INFO	Listening on port 43085
WebDriver BiDi listening on ws://127.0.0.1:46291
Read port: 43085
1694610776103	RemoteAgent	WARN	TLS certificate errors will be ignored for this session
console.error: ({})
DevTools listening on ws://127.0.0.1:46291/devtools/browser/72660819-a256-48a6-990f-9f3411f8e84c
console.error: "update.locale" " file doesn't exist in either the application or GRE directories"
JavaScript error: , line 0: NotFoundError: No such JSWindowActor 'DevToolsFrame'
JavaScript error: , line 0: NotFoundError: No such JSWindowActor 'DevToolsFrame'
1694610809806	Marionette	INFO	Stopped listening on port 43085
1694610848503	geckodriver	INFO	Listening on 127.0.0.1:35921
1694610848563	mozrunner::runner	INFO	Running command: MOZ_CRASHREPORTER="1" MOZ_CRASHREPORTER_NO_REPORT="1" MOZ_CRASHREPORTER_SHUTDOWN="1" MOZ_NO_REMOTE="1" "/usr ... te" "--remote-debugging-port" "33187" "--remote-allow-hosts" "localhost" "-no-remote" "-profile" "/tmp/rust_mozprofileM0R4MX"
console.warn: services.settings: Ignoring preference override of remote settings server
console.warn: services.settings: Allow by setting MOZ_REMOTE_SETTINGS_DEVTOOLS=1 in the environment
Crash Annotation GraphicsCriticalError: |[0][GFX1-]: vaapitest: ERROR (t=0.742716) [GFX1-]: vaapitest: ERROR
Crash Annotation GraphicsCriticalError: |[0][GFX1-]: vaapitest: ERROR (t=0.742716) |[1][GFX1-]: vaapitest: VA-API test failed: failed to initialise VAAPI connection.
 (t=0.742761) [GFX1-]: vaapitest: VA-API test failed: failed to initialise VAAPI connection.

ATTENTION: default value of option mesa_glthread overridden by environment.
1694610849361	Marionette	INFO	Marionette enabled
ATTENTION: default value of option mesa_glthread overridden by environment.
1694610849486	Marionette	INFO	Listening on port 38147
WebDriver BiDi listening on ws://127.0.0.1:33187
Read port: 38147
1694610849812	RemoteAgent	WARN	TLS certificate errors will be ignored for this session
console.error: ({})
DevTools listening on ws://127.0.0.1:33187/devtools/browser/b11c1516-bed9-4000-b967-0e802deca22e
console.error: "update.locale" " file doesn't exist in either the application or GRE directories"
1694610915165	Marionette	INFO	Stopped listening on port 38147
1694610917195	geckodriver	INFO	Listening on 127.0.0.1:39469
1694610917254	mozrunner::runner	INFO	Running command: MOZ_CRASHREPORTER="1" MOZ_CRASHREPORTER_NO_REPORT="1" MOZ_CRASHREPORTER_SHUTDOWN="1" MOZ_NO_REMOTE="1" "/usr ... te" "--remote-debugging-port" "34381" "--remote-allow-hosts" "localhost" "-no-remote" "-profile" "/tmp/rust_mozprofileh78C0i"
console.warn: services.settings: Ignoring preference override of remote settings server
console.warn: services.settings: Allow by setting MOZ_REMOTE_SETTINGS_DEVTOOLS=1 in the environment
Crash Annotation GraphicsCriticalError: |[0][GFX1-]: vaapitest: ERROR (t=0.733676) [GFX1-]: vaapitest: ERROR
Crash Annotation GraphicsCriticalError: |[0][GFX1-]: vaapitest: ERROR (t=0.733676) |[1][GFX1-]: vaapitest: VA-API test failed: failed to initialise VAAPI connection.
 (t=0.733728) [GFX1-]: vaapitest: VA-API test failed: failed to initialise VAAPI connection.

ATTENTION: default value of option mesa_glthread overridden by environment.
1694610918055	Marionette	INFO	Marionette enabled
ATTENTION: default value of option mesa_glthread overridden by environment.
1694610918190	Marionette	INFO	Listening on port 37755
WebDriver BiDi listening on ws://127.0.0.1:34381
Read port: 37755
1694610918531	RemoteAgent	WARN	TLS certificate errors will be ignored for this session
console.error: ({})
DevTools listening on ws://127.0.0.1:34381/devtools/browser/b3bd3729-aba2-4633-b162-e4b9efd65206
ATTENTION: default value of option mesa_glthread overridden by environment.
console.error: "update.locale" " file doesn't exist in either the application or GRE directories"
JavaScript error: resource://gre/modules/AsyncShutdown.sys.mjs, line 575: NotFoundError: No such JSWindowActor 'DevToolsFrame'
1694611003691	Marionette	INFO	Stopped listening on port 37755
1694611005412	geckodriver	INFO	Listening on 127.0.0.1:57051
1694611005476	mozrunner::runner	INFO	Running command: MOZ_CRASHREPORTER="1" MOZ_CRASHREPORTER_NO_REPORT="1" MOZ_CRASHREPORTER_SHUTDOWN="1" MOZ_NO_REMOTE="1" "/usr ... te" "--remote-debugging-port" "37377" "--remote-allow-hosts" "localhost" "-no-remote" "-profile" "/tmp/rust_mozprofileGoLyMo"
console.warn: services.settings: Ignoring preference override of remote settings server
console.warn: services.settings: Allow by setting MOZ_REMOTE_SETTINGS_DEVTOOLS=1 in the environment
Crash Annotation GraphicsCriticalError: |[0][GFX1-]: vaapitest: ERROR (t=0.758427) [GFX1-]: vaapitest: ERROR
Crash Annotation GraphicsCriticalError: |[0][GFX1-]: vaapitest: ERROR (t=0.758427) |[1][GFX1-]: vaapitest: VA-API test failed: failed to initialise VAAPI connection.
 (t=0.758479) [GFX1-]: vaapitest: VA-API test failed: failed to initialise VAAPI connection.

ATTENTION: default value of option mesa_glthread overridden by environment.
1694611006300	Marionette	INFO	Marionette enabled
ATTENTION: default value of option mesa_glthread overridden by environment.
1694611006429	Marionette	INFO	Listening on port 39099
WebDriver BiDi listening on ws://127.0.0.1:37377
Read port: 39099
1694611006765	RemoteAgent	WARN	TLS certificate errors will be ignored for this session
console.error: ({})
DevTools listening on ws://127.0.0.1:37377/devtools/browser/16dae492-2807-4b16-a635-b6221ed42af9
ATTENTION: default value of option mesa_glthread overridden by environment.
console.error: "update.locale" " file doesn't exist in either the application or GRE directories"
JavaScript error: resource://gre/modules/AsyncShutdown.sys.mjs, line 575: NotFoundError: No such JSWindowActor 'DevToolsFrame'
1694611110107	Marionette	INFO	Stopped listening on port 39099
1694611203154	geckodriver	INFO	Listening on 127.0.0.1:45619
1694611203212	mozrunner::runner	INFO	Running command: MOZ_CRASHREPORTER="1" MOZ_CRASHREPORTER_NO_REPORT="1" MOZ_CRASHREPORTER_SHUTDOWN="1" MOZ_NO_REMOTE="1" "/usr ... te" "--remote-debugging-port" "50263" "--remote-allow-hosts" "localhost" "-no-remote" "-profile" "/tmp/rust_mozprofileNcfEZ9"
console.warn: services.settings: Ignoring preference override of remote settings server
console.warn: services.settings: Allow by setting MOZ_REMOTE_SETTINGS_DEVTOOLS=1 in the environment
Crash Annotation GraphicsCriticalError: |[0][GFX1-]: vaapitest: ERROR (t=0.729849) [GFX1-]: vaapitest: ERROR
Crash Annotation GraphicsCriticalError: |[0][GFX1-]: vaapitest: ERROR (t=0.729849) |[1][GFX1-]: vaapitest: VA-API test failed: failed to initialise VAAPI connection.
 (t=0.729897) [GFX1-]: vaapitest: VA-API test failed: failed to initialise VAAPI connection.

ATTENTION: default value of option mesa_glthread overridden by environment.
1694611204004	Marionette	INFO	Marionette enabled
ATTENTION: default value of option mesa_glthread overridden by environment.
1694611204139	Marionette	INFO	Listening on port 40033
WebDriver BiDi listening on ws://127.0.0.1:50263
Read port: 40033
1694611204482	RemoteAgent	WARN	TLS certificate errors will be ignored for this session
console.error: ({})
DevTools listening on ws://127.0.0.1:50263/devtools/browser/66110c6c-812f-48db-9b64-16baaa1ce23e
ATTENTION: default value of option mesa_glthread overridden by environment.
1694611210935	Marionette	INFO	Stopped listening on port 40033
1694611245221	geckodriver	INFO	Listening on 127.0.0.1:56939
1694611245277	mozrunner::runner	INFO	Running command: MOZ_CRASHREPORTER="1" MOZ_CRASHREPORTER_NO_REPORT="1" MOZ_CRASHREPORTER_SHUTDOWN="1" MOZ_NO_REMOTE="1" "/usr ... te" "--remote-debugging-port" "42967" "--remote-allow-hosts" "localhost" "-no-remote" "-profile" "/tmp/rust_mozprofileL7m5CI"
console.warn: services.settings: Ignoring preference override of remote settings server
console.warn: services.settings: Allow by setting MOZ_REMOTE_SETTINGS_DEVTOOLS=1 in the environment
Crash Annotation GraphicsCriticalError: |[0][GFX1-]: vaapitest: ERROR (t=0.706412) [GFX1-]: vaapitest: ERROR
Crash Annotation GraphicsCriticalError: |[0][GFX1-]: vaapitest: ERROR (t=0.706412) |[1][GFX1-]: vaapitest: VA-API test failed: failed to initialise VAAPI connection.
 (t=0.706465) [GFX1-]: vaapitest: VA-API test failed: failed to initialise VAAPI connection.

ATTENTION: default value of option mesa_glthread overridden by environment.
1694611246047	Marionette	INFO	Marionette enabled
ATTENTION: default value of option mesa_glthread overridden by environment.
1694611246176	Marionette	INFO	Listening on port 37565
Read port: 37565
WebDriver BiDi listening on ws://127.0.0.1:42967
1694611246256	RemoteAgent	WARN	TLS certificate errors will be ignored for this session
console.error: ({})
DevTools listening on ws://127.0.0.1:42967/devtools/browser/81616d45-b45d-4e19-9fd1-f2e11083b0f7
1694611249318	Marionette	INFO	Stopped listening on port 37565
console.warn: services.settings: main/quicksuggest sync interrupted by shutdown
1694611265379	geckodriver	INFO	Listening on 127.0.0.1:46377
1694611265929	mozrunner::runner	INFO	Running command: MOZ_CRASHREPORTER="1" MOZ_CRASHREPORTER_NO_REPORT="1" MOZ_CRASHREPORTER_SHUTDOWN="1" MOZ_NO_REMOTE="1" "/usr ... te" "--remote-debugging-port" "54207" "--remote-allow-hosts" "localhost" "-no-remote" "-profile" "/tmp/rust_mozprofileywJLWf"
console.warn: services.settings: Ignoring preference override of remote settings server
console.warn: services.settings: Allow by setting MOZ_REMOTE_SETTINGS_DEVTOOLS=1 in the environment
Crash Annotation GraphicsCriticalError: |[0][GFX1-]: vaapitest: ERROR (t=0.66513) [GFX1-]: vaapitest: ERROR
Crash Annotation GraphicsCriticalError: |[0][GFX1-]: vaapitest: ERROR (t=0.66513) |[1][GFX1-]: vaapitest: VA-API test failed: failed to initialise VAAPI connection.
 (t=0.665189) [GFX1-]: vaapitest: VA-API test failed: failed to initialise VAAPI connection.

ATTENTION: default value of option mesa_glthread overridden by environment.
1694611266661	Marionette	INFO	Marionette enabled
ATTENTION: default value of option mesa_glthread overridden by environment.
1694611266787	Marionette	INFO	Listening on port 44613
WebDriver BiDi listening on ws://127.0.0.1:54207
Read port: 44613
1694611267113	RemoteAgent	WARN	TLS certificate errors will be ignored for this session
console.error: ({})
DevTools listening on ws://127.0.0.1:54207/devtools/browser/b6498065-729c-4c17-97a8-ae5286379957
JavaScript error: , line 0: InvalidStateError: An attempt was made to use an object that is not, or is no longer, usable
ATTENTION: default value of option mesa_glthread overridden by environment.
1694611293194	Marionette	INFO	Stopped listening on port 44613
1694611375807	geckodriver	INFO	Listening on 127.0.0.1:51175
1694611375865	mozrunner::runner	INFO	Running command: MOZ_CRASHREPORTER="1" MOZ_CRASHREPORTER_NO_REPORT="1" MOZ_CRASHREPORTER_SHUTDOWN="1" MOZ_NO_REMOTE="1" "/usr ... te" "--remote-debugging-port" "33011" "--remote-allow-hosts" "localhost" "-no-remote" "-profile" "/tmp/rust_mozprofileN83gJ0"
console.warn: services.settings: Ignoring preference override of remote settings server
console.warn: services.settings: Allow by setting MOZ_REMOTE_SETTINGS_DEVTOOLS=1 in the environment
Crash Annotation GraphicsCriticalError: |[0][GFX1-]: vaapitest: ERROR (t=0.737116) [GFX1-]: vaapitest: ERROR
Crash Annotation GraphicsCriticalError: |[0][GFX1-]: vaapitest: ERROR (t=0.737116) |[1][GFX1-]: vaapitest: VA-API test failed: failed to initialise VAAPI connection.
 (t=0.737164) [GFX1-]: vaapitest: VA-API test failed: failed to initialise VAAPI connection.

ATTENTION: default value of option mesa_glthread overridden by environment.
1694611376655	Marionette	INFO	Marionette enabled
ATTENTION: default value of option mesa_glthread overridden by environment.
1694611376781	Marionette	INFO	Listening on port 45833
WebDriver BiDi listening on ws://127.0.0.1:33011
Read port: 45833
1694611377116	RemoteAgent	WARN	TLS certificate errors will be ignored for this session
console.error: ({})
DevTools listening on ws://127.0.0.1:33011/devtools/browser/8cff5731-2d02-42e8-9896-86405dd00cf8
ATTENTION: default value of option mesa_glthread overridden by environment.
1694611400313	Marionette	INFO	Stopped listening on port 45833
1694611435455	geckodriver	INFO	Listening on 127.0.0.1:51419
1694611435515	mozrunner::runner	INFO	Running command: MOZ_CRASHREPORTER="1" MOZ_CRASHREPORTER_NO_REPORT="1" MOZ_CRASHREPORTER_SHUTDOWN="1" MOZ_NO_REMOTE="1" "/usr ... te" "--remote-debugging-port" "44333" "--remote-allow-hosts" "localhost" "-no-remote" "-profile" "/tmp/rust_mozprofileBj2Vnz"
console.warn: services.settings: Ignoring preference override of remote settings server
console.warn: services.settings: Allow by setting MOZ_REMOTE_SETTINGS_DEVTOOLS=1 in the environment
Crash Annotation GraphicsCriticalError: |[0][GFX1-]: vaapitest: ERROR (t=0.759692) [GFX1-]: vaapitest: ERROR
Crash Annotation GraphicsCriticalError: |[0][GFX1-]: vaapitest: ERROR (t=0.759692) |[1][GFX1-]: vaapitest: VA-API test failed: failed to initialise VAAPI connection.
 (t=0.75974) [GFX1-]: vaapitest: VA-API test failed: failed to initialise VAAPI connection.

ATTENTION: default value of option mesa_glthread overridden by environment.
1694611436328	Marionette	INFO	Marionette enabled
ATTENTION: default value of option mesa_glthread overridden by environment.
1694611436459	Marionette	INFO	Listening on port 42101
WebDriver BiDi listening on ws://127.0.0.1:44333
Read port: 42101
1694611436797	RemoteAgent	WARN	TLS certificate errors will be ignored for this session
console.error: ({})
DevTools listening on ws://127.0.0.1:44333/devtools/browser/0fc5a8fc-331c-4bdb-b993-263163cc2540
ATTENTION: default value of option mesa_glthread overridden by environment.
1694611451958	Marionette	INFO	Stopped listening on port 42101
1694611453652	geckodriver	INFO	Listening on 127.0.0.1:47265
1694611453713	mozrunner::runner	INFO	Running command: MOZ_CRASHREPORTER="1" MOZ_CRASHREPORTER_NO_REPORT="1" MOZ_CRASHREPORTER_SHUTDOWN="1" MOZ_NO_REMOTE="1" "/usr ... te" "--remote-debugging-port" "40641" "--remote-allow-hosts" "localhost" "-no-remote" "-profile" "/tmp/rust_mozprofileeSkuhN"
console.warn: services.settings: Ignoring preference override of remote settings server
console.warn: services.settings: Allow by setting MOZ_REMOTE_SETTINGS_DEVTOOLS=1 in the environment
Crash Annotation GraphicsCriticalError: |[0][GFX1-]: vaapitest: ERROR (t=0.817519) [GFX1-]: vaapitest: ERROR
Crash Annotation GraphicsCriticalError: |[0][GFX1-]: vaapitest: ERROR (t=0.817519) |[1][GFX1-]: vaapitest: VA-API test failed: failed to initialise VAAPI connection.
 (t=0.817567) [GFX1-]: vaapitest: VA-API test failed: failed to initialise VAAPI connection.

ATTENTION: default value of option mesa_glthread overridden by environment.
1694611454591	Marionette	INFO	Marionette enabled
ATTENTION: default value of option mesa_glthread overridden by environment.
1694611454729	Marionette	INFO	Listening on port 34845
WebDriver BiDi listening on ws://127.0.0.1:40641
Read port: 34845
1694611455093	RemoteAgent	WARN	TLS certificate errors will be ignored for this session
console.error: ({})
DevTools listening on ws://127.0.0.1:40641/devtools/browser/d3f357e4-3dba-4a4d-81ec-9315b9ed361c
ATTENTION: default value of option mesa_glthread overridden by environment.
1694611470805	Marionette	INFO	Stopped listening on port 34845
1694611475141	geckodriver	INFO	Listening on 127.0.0.1:49429
1694611475199	mozrunner::runner	INFO	Running command: MOZ_CRASHREPORTER="1" MOZ_CRASHREPORTER_NO_REPORT="1" MOZ_CRASHREPORTER_SHUTDOWN="1" MOZ_NO_REMOTE="1" "/usr ... te" "--remote-debugging-port" "49833" "--remote-allow-hosts" "localhost" "-no-remote" "-profile" "/tmp/rust_mozprofilesCZCaM"
console.warn: services.settings: Ignoring preference override of remote settings server
console.warn: services.settings: Allow by setting MOZ_REMOTE_SETTINGS_DEVTOOLS=1 in the environment
Crash Annotation GraphicsCriticalError: |[0][GFX1-]: vaapitest: ERROR (t=0.736368) [GFX1-]: vaapitest: ERROR
Crash Annotation GraphicsCriticalError: |[0][GFX1-]: vaapitest: ERROR (t=0.736368) |[1][GFX1-]: vaapitest: VA-API test failed: failed to initialise VAAPI connection.
 (t=0.736429) [GFX1-]: vaapitest: VA-API test failed: failed to initialise VAAPI connection.

ATTENTION: default value of option mesa_glthread overridden by environment.
1694611476021	Marionette	INFO	Marionette enabled
ATTENTION: default value of option mesa_glthread overridden by environment.
1694611476159	Marionette	INFO	Listening on port 43319
WebDriver BiDi listening on ws://127.0.0.1:49833
Read port: 43319
1694611476402	RemoteAgent	WARN	TLS certificate errors will be ignored for this session
console.error: ({})
DevTools listening on ws://127.0.0.1:49833/devtools/browser/e2ed48bc-5bec-47f1-9d51-373f1ff96dd5
ATTENTION: default value of option mesa_glthread overridden by environment.
1694611485398	Marionette	INFO	Stopped listening on port 43319
1694611612552	geckodriver	INFO	Listening on 127.0.0.1:36489
1694611612613	mozrunner::runner	INFO	Running command: MOZ_CRASHREPORTER="1" MOZ_CRASHREPORTER_NO_REPORT="1" MOZ_CRASHREPORTER_SHUTDOWN="1" MOZ_NO_REMOTE="1" "/usr ... te" "--remote-debugging-port" "57557" "--remote-allow-hosts" "localhost" "-no-remote" "-profile" "/tmp/rust_mozprofilesf0NnA"
console.warn: services.settings: Ignoring preference override of remote settings server
console.warn: services.settings: Allow by setting MOZ_REMOTE_SETTINGS_DEVTOOLS=1 in the environment
Crash Annotation GraphicsCriticalError: |[0][GFX1-]: vaapitest: ERROR (t=0.783487) [GFX1-]: vaapitest: ERROR
Crash Annotation GraphicsCriticalError: |[0][GFX1-]: vaapitest: ERROR (t=0.783487) |[1][GFX1-]: vaapitest: VA-API test failed: failed to initialise VAAPI connection.
 (t=0.783534) [GFX1-]: vaapitest: VA-API test failed: failed to initialise VAAPI connection.

ATTENTION: default value of option mesa_glthread overridden by environment.
1694611613483	Marionette	INFO	Marionette enabled
ATTENTION: default value of option mesa_glthread overridden by environment.
1694611613619	Marionette	INFO	Listening on port 33667
WebDriver BiDi listening on ws://127.0.0.1:57557
Read port: 33667
1694611613963	RemoteAgent	WARN	TLS certificate errors will be ignored for this session
console.error: ({})
DevTools listening on ws://127.0.0.1:57557/devtools/browser/5fa3b666-2987-47c9-bcc4-5680d600e761
ATTENTION: default value of option mesa_glthread overridden by environment.
1694611625024	Marionette	INFO	Stopped listening on port 33667
1694611692844	geckodriver	INFO	Listening on 127.0.0.1:58699
1694611692903	mozrunner::runner	INFO	Running command: MOZ_CRASHREPORTER="1" MOZ_CRASHREPORTER_NO_REPORT="1" MOZ_CRASHREPORTER_SHUTDOWN="1" MOZ_NO_REMOTE="1" "/usr ... te" "--remote-debugging-port" "44969" "--remote-allow-hosts" "localhost" "-no-remote" "-profile" "/tmp/rust_mozprofilehCnSrQ"
console.warn: services.settings: Ignoring preference override of remote settings server
console.warn: services.settings: Allow by setting MOZ_REMOTE_SETTINGS_DEVTOOLS=1 in the environment
Crash Annotation GraphicsCriticalError: |[0][GFX1-]: vaapitest: ERROR (t=0.747981) [GFX1-]: vaapitest: ERROR
Crash Annotation GraphicsCriticalError: |[0][GFX1-]: vaapitest: ERROR (t=0.747981) |[1][GFX1-]: vaapitest: VA-API test failed: failed to initialise VAAPI connection.
 (t=0.748029) [GFX1-]: vaapitest: VA-API test failed: failed to initialise VAAPI connection.

ATTENTION: default value of option mesa_glthread overridden by environment.
1694611693716	Marionette	INFO	Marionette enabled
ATTENTION: default value of option mesa_glthread overridden by environment.
1694611693849	Marionette	INFO	Listening on port 42997
WebDriver BiDi listening on ws://127.0.0.1:44969
Read port: 42997
1694611694182	RemoteAgent	WARN	TLS certificate errors will be ignored for this session
console.error: ({})
DevTools listening on ws://127.0.0.1:44969/devtools/browser/2ffd1468-2aa1-4db1-9044-2efb12acef2c
ATTENTION: default value of option mesa_glthread overridden by environment.
console.error: "update.locale" " file doesn't exist in either the application or GRE directories"
1694611770331	Marionette	INFO	Stopped listening on port 42997
1694611773203	geckodriver	INFO	Listening on 127.0.0.1:41919
1694611773262	mozrunner::runner	INFO	Running command: MOZ_CRASHREPORTER="1" MOZ_CRASHREPORTER_NO_REPORT="1" MOZ_CRASHREPORTER_SHUTDOWN="1" MOZ_NO_REMOTE="1" "/usr ... te" "--remote-debugging-port" "46577" "--remote-allow-hosts" "localhost" "-no-remote" "-profile" "/tmp/rust_mozprofiled7WTmG"
console.warn: services.settings: Ignoring preference override of remote settings server
console.warn: services.settings: Allow by setting MOZ_REMOTE_SETTINGS_DEVTOOLS=1 in the environment
Crash Annotation GraphicsCriticalError: |[0][GFX1-]: vaapitest: ERROR (t=0.766732) [GFX1-]: vaapitest: ERROR
Crash Annotation GraphicsCriticalError: |[0][GFX1-]: vaapitest: ERROR (t=0.766732) |[1][GFX1-]: vaapitest: VA-API test failed: failed to initialise VAAPI connection.
 (t=0.766785) [GFX1-]: vaapitest: VA-API test failed: failed to initialise VAAPI connection.

ATTENTION: default value of option mesa_glthread overridden by environment.
1694611774095	Marionette	INFO	Marionette enabled
ATTENTION: default value of option mesa_glthread overridden by environment.
1694611774231	Marionette	INFO	Listening on port 33691
WebDriver BiDi listening on ws://127.0.0.1:46577
Read port: 33691
1694611774458	RemoteAgent	WARN	TLS certificate errors will be ignored for this session
console.error: ({})
DevTools listening on ws://127.0.0.1:46577/devtools/browser/b33307b8-75bb-47a0-a911-27c7686d31b7
ATTENTION: default value of option mesa_glthread overridden by environment.
console.error: "update.locale" " file doesn't exist in either the application or GRE directories"
1694611813168	geckodriver	INFO	Listening on 127.0.0.1:54049
1694611813716	mozrunner::runner	INFO	Running command: MOZ_CRASHREPORTER="1" MOZ_CRASHREPORTER_NO_REPORT="1" MOZ_CRASHREPORTER_SHUTDOWN="1" MOZ_NO_REMOTE="1" "/usr ... te" "--remote-debugging-port" "42943" "--remote-allow-hosts" "localhost" "-no-remote" "-profile" "/tmp/rust_mozprofile9ENpDz"
console.warn: services.settings: Ignoring preference override of remote settings server
console.warn: services.settings: Allow by setting MOZ_REMOTE_SETTINGS_DEVTOOLS=1 in the environment
Crash Annotation GraphicsCriticalError: |[0][GFX1-]: vaapitest: ERROR (t=0.713729) [GFX1-]: vaapitest: ERROR
Crash Annotation GraphicsCriticalError: |[0][GFX1-]: vaapitest: ERROR (t=0.713729) |[1][GFX1-]: vaapitest: VA-API test failed: failed to initialise VAAPI connection.
 (t=0.713773) [GFX1-]: vaapitest: VA-API test failed: failed to initialise VAAPI connection.

ATTENTION: default value of option mesa_glthread overridden by environment.
1694611814503	Marionette	INFO	Marionette enabled
ATTENTION: default value of option mesa_glthread overridden by environment.
1694611814637	Marionette	INFO	Listening on port 34737
WebDriver BiDi listening on ws://127.0.0.1:42943
Read port: 34737
1694611814985	RemoteAgent	WARN	TLS certificate errors will be ignored for this session
console.error: ({})
DevTools listening on ws://127.0.0.1:42943/devtools/browser/44eb0a1f-6cdc-4209-a6c7-a2deead58ab5
ATTENTION: default value of option mesa_glthread overridden by environment.
1694611829543	Marionette	INFO	Stopped listening on port 34737
JavaScript error: resource://gre/modules/AsyncShutdown.sys.mjs, line 575: NotFoundError: No such JSWindowActor 'DevToolsFrame'
1694611831403	Marionette	INFO	Stopped listening on port 33691
1694612021720	geckodriver	INFO	Listening on 127.0.0.1:60475
1694612021786	mozrunner::runner	INFO	Running command: MOZ_CRASHREPORTER="1" MOZ_CRASHREPORTER_NO_REPORT="1" MOZ_CRASHREPORTER_SHUTDOWN="1" MOZ_NO_REMOTE="1" "/usr ... te" "--remote-debugging-port" "42795" "--remote-allow-hosts" "localhost" "-no-remote" "-profile" "/tmp/rust_mozprofile2V89Xy"
console.warn: services.settings: Ignoring preference override of remote settings server
console.warn: services.settings: Allow by setting MOZ_REMOTE_SETTINGS_DEVTOOLS=1 in the environment
Crash Annotation GraphicsCriticalError: |[0][GFX1-]: vaapitest: ERROR (t=0.861376) [GFX1-]: vaapitest: ERROR
Crash Annotation GraphicsCriticalError: |[0][GFX1-]: vaapitest: ERROR (t=0.861376) |[1][GFX1-]: vaapitest: VA-API test failed: failed to initialise VAAPI connection.
 (t=0.861443) [GFX1-]: vaapitest: VA-API test failed: failed to initialise VAAPI connection.

ATTENTION: default value of option mesa_glthread overridden by environment.
1694612022727	Marionette	INFO	Marionette enabled
ATTENTION: default value of option mesa_glthread overridden by environment.
1694612022871	Marionette	INFO	Listening on port 33053
WebDriver BiDi listening on ws://127.0.0.1:42795
Read port: 33053
1694612022967	RemoteAgent	WARN	TLS certificate errors will be ignored for this session
console.error: ({})
DevTools listening on ws://127.0.0.1:42795/devtools/browser/bcee8343-15ff-4fa6-a8ee-fc4962b6b5bc
ATTENTION: default value of option mesa_glthread overridden by environment.
1694612035869	Marionette	INFO	Stopped listening on port 33053
1694612100650	geckodriver	INFO	Listening on 127.0.0.1:43225
1694612100704	mozrunner::runner	INFO	Running command: MOZ_CRASHREPORTER="1" MOZ_CRASHREPORTER_NO_REPORT="1" MOZ_CRASHREPORTER_SHUTDOWN="1" MOZ_NO_REMOTE="1" "/usr ... te" "--remote-debugging-port" "54119" "--remote-allow-hosts" "localhost" "-no-remote" "-profile" "/tmp/rust_mozprofilePZzwwK"
console.warn: services.settings: Ignoring preference override of remote settings server
console.warn: services.settings: Allow by setting MOZ_REMOTE_SETTINGS_DEVTOOLS=1 in the environment
Crash Annotation GraphicsCriticalError: |[0][GFX1-]: vaapitest: ERROR (t=0.711581) [GFX1-]: vaapitest: ERROR
Crash Annotation GraphicsCriticalError: |[0][GFX1-]: vaapitest: ERROR (t=0.711581) |[1][GFX1-]: vaapitest: VA-API test failed: failed to initialise VAAPI connection.
 (t=0.711633) [GFX1-]: vaapitest: VA-API test failed: failed to initialise VAAPI connection.

ATTENTION: default value of option mesa_glthread overridden by environment.
1694612101481	Marionette	INFO	Marionette enabled
ATTENTION: default value of option mesa_glthread overridden by environment.
1694612101615	Marionette	INFO	Listening on port 41987
WebDriver BiDi listening on ws://127.0.0.1:54119
Read port: 41987
1694612101977	RemoteAgent	WARN	TLS certificate errors will be ignored for this session
console.error: ({})
DevTools listening on ws://127.0.0.1:54119/devtools/browser/3579f8d3-a10b-48c2-8e68-d1c8eae8a6c9
ATTENTION: default value of option mesa_glthread overridden by environment.
console.warn: LoginRecipes: "Falling back to a synchronous message for: https://imgflip.com."
JavaScript error: resource://gre/modules/AsyncShutdown.sys.mjs, line 575: NotFoundError: No such JSWindowActor 'DevToolsFrame'
1694612127689	Marionette	INFO	Stopped listening on port 41987
1694612354879	geckodriver	INFO	Listening on 127.0.0.1:36661
1694612354939	mozrunner::runner	INFO	Running command: MOZ_CRASHREPORTER="1" MOZ_CRASHREPORTER_NO_REPORT="1" MOZ_CRASHREPORTER_SHUTDOWN="1" MOZ_NO_REMOTE="1" "/usr ... te" "--remote-debugging-port" "34175" "--remote-allow-hosts" "localhost" "-no-remote" "-profile" "/tmp/rust_mozprofilehZs9aJ"
console.warn: services.settings: Ignoring preference override of remote settings server
console.warn: services.settings: Allow by setting MOZ_REMOTE_SETTINGS_DEVTOOLS=1 in the environment
Crash Annotation GraphicsCriticalError: |[0][GFX1-]: vaapitest: ERROR (t=0.75703) [GFX1-]: vaapitest: ERROR
Crash Annotation GraphicsCriticalError: |[0][GFX1-]: vaapitest: ERROR (t=0.75703) |[1][GFX1-]: vaapitest: VA-API test failed: failed to initialise VAAPI connection.
 (t=0.757085) [GFX1-]: vaapitest: VA-API test failed: failed to initialise VAAPI connection.

ATTENTION: default value of option mesa_glthread overridden by environment.
1694612355767	Marionette	INFO	Marionette enabled
ATTENTION: default value of option mesa_glthread overridden by environment.
1694612355904	Marionette	INFO	Listening on port 45177
WebDriver BiDi listening on ws://127.0.0.1:34175
Read port: 45177
1694612356224	RemoteAgent	WARN	TLS certificate errors will be ignored for this session
console.error: ({})
DevTools listening on ws://127.0.0.1:34175/devtools/browser/61c05fb8-2c33-4865-aa98-12ff0ea44319
1694612361846	Marionette	INFO	Stopped listening on port 45177
JavaScript error: resource://services-settings/Utils.sys.mjs, line 229: TypeError: NetworkError: Network request failed
1694612375558	geckodriver	INFO	Listening on 127.0.0.1:41033
1694612375609	mozrunner::runner	INFO	Running command: MOZ_CRASHREPORTER="1" MOZ_CRASHREPORTER_NO_REPORT="1" MOZ_CRASHREPORTER_SHUTDOWN="1" MOZ_NO_REMOTE="1" "/usr ... te" "--remote-debugging-port" "40305" "--remote-allow-hosts" "localhost" "-no-remote" "-profile" "/tmp/rust_mozprofileH1xnGs"
console.warn: services.settings: Ignoring preference override of remote settings server
console.warn: services.settings: Allow by setting MOZ_REMOTE_SETTINGS_DEVTOOLS=1 in the environment
Crash Annotation GraphicsCriticalError: |[0][GFX1-]: vaapitest: ERROR (t=0.708585) [GFX1-]: vaapitest: ERROR
Crash Annotation GraphicsCriticalError: |[0][GFX1-]: vaapitest: ERROR (t=0.708585) |[1][GFX1-]: vaapitest: VA-API test failed: failed to initialise VAAPI connection.
 (t=0.708636) [GFX1-]: vaapitest: VA-API test failed: failed to initialise VAAPI connection.

ATTENTION: default value of option mesa_glthread overridden by environment.
1694612376386	Marionette	INFO	Marionette enabled
ATTENTION: default value of option mesa_glthread overridden by environment.
1694612376528	Marionette	INFO	Listening on port 35523
WebDriver BiDi listening on ws://127.0.0.1:40305
Read port: 35523
1694612376894	RemoteAgent	WARN	TLS certificate errors will be ignored for this session
console.error: ({})
1694612379131	Marionette	INFO	Stopped listening on port 35523
1694612379140	CDP	WARN	Failed to remove undefined (Could not parse path (undefined): NS_ERROR_FILE_UNRECOGNIZED_PATH)
console.error: SearchService: "maybeReloadEngines failed" (new Error("XPIProvider can't start bootstrap scope for google@search.mozilla.org after shutdown was already granted", "resource://gre/modules/addons/XPIProvider.jsm", 1977))
1694612494873	geckodriver	INFO	Listening on 127.0.0.1:52051
1694612495427	mozrunner::runner	INFO	Running command: MOZ_CRASHREPORTER="1" MOZ_CRASHREPORTER_NO_REPORT="1" MOZ_CRASHREPORTER_SHUTDOWN="1" MOZ_NO_REMOTE="1" "/usr ... te" "--remote-debugging-port" "40195" "--remote-allow-hosts" "localhost" "-no-remote" "-profile" "/tmp/rust_mozprofilev4RIfI"
console.warn: services.settings: Ignoring preference override of remote settings server
console.warn: services.settings: Allow by setting MOZ_REMOTE_SETTINGS_DEVTOOLS=1 in the environment
Crash Annotation GraphicsCriticalError: |[0][GFX1-]: vaapitest: ERROR (t=0.780685) [GFX1-]: vaapitest: ERROR
Crash Annotation GraphicsCriticalError: |[0][GFX1-]: vaapitest: ERROR (t=0.780685) |[1][GFX1-]: vaapitest: VA-API test failed: failed to initialise VAAPI connection.
 (t=0.780736) [GFX1-]: vaapitest: VA-API test failed: failed to initialise VAAPI connection.

ATTENTION: default value of option mesa_glthread overridden by environment.
1694612496282	Marionette	INFO	Marionette enabled
ATTENTION: default value of option mesa_glthread overridden by environment.
1694612496430	Marionette	INFO	Listening on port 42447
WebDriver BiDi listening on ws://127.0.0.1:40195
Read port: 42447
1694612496822	RemoteAgent	WARN	TLS certificate errors will be ignored for this session
console.error: ({})
1694612499377	Marionette	INFO	Stopped listening on port 42447
1694612499390	CDP	WARN	Failed to remove undefined (Could not parse path (undefined): NS_ERROR_FILE_UNRECOGNIZED_PATH)
console.error: SearchService: "maybeReloadEngines failed" (new Error("XPIProvider can't start bootstrap scope for google@search.mozilla.org after shutdown was already granted", "resource://gre/modules/addons/XPIProvider.jsm", 1977))
1694614837097	geckodriver	INFO	Listening on 127.0.0.1:59559
1694614837147	mozrunner::runner	INFO	Running command: MOZ_CRASHREPORTER="1" MOZ_CRASHREPORTER_NO_REPORT="1" MOZ_CRASHREPORTER_SHUTDOWN="1" MOZ_NO_REMOTE="1" "/usr ... te" "--remote-debugging-port" "40211" "--remote-allow-hosts" "localhost" "-no-remote" "-profile" "/tmp/rust_mozprofiledSqfcV"
console.warn: services.settings: Ignoring preference override of remote settings server
console.warn: services.settings: Allow by setting MOZ_REMOTE_SETTINGS_DEVTOOLS=1 in the environment
Crash Annotation GraphicsCriticalError: |[0][GFX1-]: vaapitest: ERROR (t=0.668327) [GFX1-]: vaapitest: ERROR
Crash Annotation GraphicsCriticalError: |[0][GFX1-]: vaapitest: ERROR (t=0.668327) |[1][GFX1-]: vaapitest: VA-API test failed: failed to initialise VAAPI connection.
 (t=0.668403) [GFX1-]: vaapitest: VA-API test failed: failed to initialise VAAPI connection.

ATTENTION: default value of option mesa_glthread overridden by environment.
1694614837886	Marionette	INFO	Marionette enabled
ATTENTION: default value of option mesa_glthread overridden by environment.
1694614838021	Marionette	INFO	Listening on port 36923
WebDriver BiDi listening on ws://127.0.0.1:40211
Read port: 36923
1694614838257	RemoteAgent	WARN	TLS certificate errors will be ignored for this session
console.error: ({})
DevTools listening on ws://127.0.0.1:40211/devtools/browser/5d3e777a-1eea-4e01-899f-eb7820d2dd50
console.error: "update.locale" " file doesn't exist in either the application or GRE directories"
1694614874680	geckodriver	INFO	Listening on 127.0.0.1:59363
1694614875243	mozrunner::runner	INFO	Running command: MOZ_CRASHREPORTER="1" MOZ_CRASHREPORTER_NO_REPORT="1" MOZ_CRASHREPORTER_SHUTDOWN="1" MOZ_NO_REMOTE="1" "/usr ... te" "--remote-debugging-port" "33187" "--remote-allow-hosts" "localhost" "-no-remote" "-profile" "/tmp/rust_mozprofileFg3wcq"
console.warn: services.settings: Ignoring preference override of remote settings server
console.warn: services.settings: Allow by setting MOZ_REMOTE_SETTINGS_DEVTOOLS=1 in the environment
Crash Annotation GraphicsCriticalError: |[0][GFX1-]: vaapitest: ERROR (t=0.925792) [GFX1-]: vaapitest: ERROR
Crash Annotation GraphicsCriticalError: |[0][GFX1-]: vaapitest: ERROR (t=0.925792) |[1][GFX1-]: vaapitest: VA-API test failed: failed to initialise VAAPI connection.
 (t=0.925848) [GFX1-]: vaapitest: VA-API test failed: failed to initialise VAAPI connection.

ATTENTION: default value of option mesa_glthread overridden by environment.
1694614876265	Marionette	INFO	Marionette enabled
ATTENTION: default value of option mesa_glthread overridden by environment.
1694614876412	Marionette	INFO	Listening on port 35685
WebDriver BiDi listening on ws://127.0.0.1:33187
Read port: 35685
1694614876694	RemoteAgent	WARN	TLS certificate errors will be ignored for this session
console.error: ({})
DevTools listening on ws://127.0.0.1:33187/devtools/browser/bb4db02a-b80d-47a0-a418-11a82e4effb8
1694614896039	Marionette	INFO	Stopped listening on port 35685
1694614898339	Marionette	INFO	Stopped listening on port 36923
1694615150962	geckodriver	INFO	Listening on 127.0.0.1:40433
1694615151509	mozrunner::runner	INFO	Running command: MOZ_CRASHREPORTER="1" MOZ_CRASHREPORTER_NO_REPORT="1" MOZ_CRASHREPORTER_SHUTDOWN="1" MOZ_NO_REMOTE="1" "/usr ... te" "--remote-debugging-port" "40889" "--remote-allow-hosts" "localhost" "-no-remote" "-profile" "/tmp/rust_mozprofile4kz5mK"
console.warn: services.settings: Ignoring preference override of remote settings server
console.warn: services.settings: Allow by setting MOZ_REMOTE_SETTINGS_DEVTOOLS=1 in the environment
Crash Annotation GraphicsCriticalError: |[0][GFX1-]: vaapitest: ERROR (t=0.64985) [GFX1-]: vaapitest: ERROR
Crash Annotation GraphicsCriticalError: |[0][GFX1-]: vaapitest: ERROR (t=0.64985) |[1][GFX1-]: vaapitest: VA-API test failed: failed to initialise VAAPI connection.
 (t=0.6499) [GFX1-]: vaapitest: VA-API test failed: failed to initialise VAAPI connection.

ATTENTION: default value of option mesa_glthread overridden by environment.
1694615152224	Marionette	INFO	Marionette enabled
ATTENTION: default value of option mesa_glthread overridden by environment.
1694615152352	Marionette	INFO	Listening on port 37749
WebDriver BiDi listening on ws://127.0.0.1:40889
Read port: 37749
1694615152688	RemoteAgent	WARN	TLS certificate errors will be ignored for this session
console.error: ({})
DevTools listening on ws://127.0.0.1:40889/devtools/browser/0b744e23-a4a1-4f97-8034-73edac4c7001
ATTENTION: default value of option mesa_glthread overridden by environment.
1694615160203	Marionette	INFO	Stopped listening on port 37749
1694615213300	geckodriver	INFO	Listening on 127.0.0.1:50793
1694615213348	mozrunner::runner	INFO	Running command: MOZ_CRASHREPORTER="1" MOZ_CRASHREPORTER_NO_REPORT="1" MOZ_CRASHREPORTER_SHUTDOWN="1" MOZ_NO_REMOTE="1" "/usr ... te" "--remote-debugging-port" "40393" "--remote-allow-hosts" "localhost" "-no-remote" "-profile" "/tmp/rust_mozprofileDTB1rN"
console.warn: services.settings: Ignoring preference override of remote settings server
console.warn: services.settings: Allow by setting MOZ_REMOTE_SETTINGS_DEVTOOLS=1 in the environment
Crash Annotation GraphicsCriticalError: |[0][GFX1-]: vaapitest: ERROR (t=0.656596) [GFX1-]: vaapitest: ERROR
Crash Annotation GraphicsCriticalError: |[0][GFX1-]: vaapitest: ERROR (t=0.656596) |[1][GFX1-]: vaapitest: VA-API test failed: failed to initialise VAAPI connection.
 (t=0.656655) [GFX1-]: vaapitest: VA-API test failed: failed to initialise VAAPI connection.

ATTENTION: default value of option mesa_glthread overridden by environment.
1694615214067	Marionette	INFO	Marionette enabled
ATTENTION: default value of option mesa_glthread overridden by environment.
1694615214187	Marionette	INFO	Listening on port 46823
WebDriver BiDi listening on ws://127.0.0.1:40393
Read port: 46823
1694615214504	RemoteAgent	WARN	TLS certificate errors will be ignored for this session
console.error: ({})
DevTools listening on ws://127.0.0.1:40393/devtools/browser/f8f7f01a-9486-4ac3-be64-af974fea7fca
ATTENTION: default value of option mesa_glthread overridden by environment.
1694615223435	Marionette	INFO	Stopped listening on port 46823
JavaScript error: , line 0: TypeError: NetworkError when attempting to fetch resource.
1694615264807	geckodriver	INFO	Listening on 127.0.0.1:57089
1694615265354	mozrunner::runner	INFO	Running command: MOZ_CRASHREPORTER="1" MOZ_CRASHREPORTER_NO_REPORT="1" MOZ_CRASHREPORTER_SHUTDOWN="1" MOZ_NO_REMOTE="1" "/usr ... te" "--remote-debugging-port" "41423" "--remote-allow-hosts" "localhost" "-no-remote" "-profile" "/tmp/rust_mozprofile3brwkA"
console.warn: services.settings: Ignoring preference override of remote settings server
console.warn: services.settings: Allow by setting MOZ_REMOTE_SETTINGS_DEVTOOLS=1 in the environment
Crash Annotation GraphicsCriticalError: |[0][GFX1-]: vaapitest: ERROR (t=0.640561) [GFX1-]: vaapitest: ERROR
Crash Annotation GraphicsCriticalError: |[0][GFX1-]: vaapitest: ERROR (t=0.640561) |[1][GFX1-]: vaapitest: VA-API test failed: failed to initialise VAAPI connection.
 (t=0.640605) [GFX1-]: vaapitest: VA-API test failed: failed to initialise VAAPI connection.

ATTENTION: default value of option mesa_glthread overridden by environment.
1694615266047	Marionette	INFO	Marionette enabled
ATTENTION: default value of option mesa_glthread overridden by environment.
1694615266167	Marionette	INFO	Listening on port 41459
WebDriver BiDi listening on ws://127.0.0.1:41423
Read port: 41459
1694615266526	RemoteAgent	WARN	TLS certificate errors will be ignored for this session
console.error: ({})
Exiting due to channel error.
Exiting due to channel error.
1694615566872	geckodriver	INFO	Listening on 127.0.0.1:59811
1694615567420	mozrunner::runner	INFO	Running command: MOZ_CRASHREPORTER="1" MOZ_CRASHREPORTER_NO_REPORT="1" MOZ_CRASHREPORTER_SHUTDOWN="1" MOZ_NO_REMOTE="1" "/usr ... te" "--remote-debugging-port" "58051" "--remote-allow-hosts" "localhost" "-no-remote" "-profile" "/tmp/rust_mozprofileT2wENw"
console.warn: services.settings: Ignoring preference override of remote settings server
console.warn: services.settings: Allow by setting MOZ_REMOTE_SETTINGS_DEVTOOLS=1 in the environment
Crash Annotation GraphicsCriticalError: |[0][GFX1-]: vaapitest: ERROR (t=0.640048) [GFX1-]: vaapitest: ERROR
Crash Annotation GraphicsCriticalError: |[0][GFX1-]: vaapitest: ERROR (t=0.640048) |[1][GFX1-]: vaapitest: VA-API test failed: failed to initialise VAAPI connection.
 (t=0.640098) [GFX1-]: vaapitest: VA-API test failed: failed to initialise VAAPI connection.

ATTENTION: default value of option mesa_glthread overridden by environment.
1694615568113	Marionette	INFO	Marionette enabled
ATTENTION: default value of option mesa_glthread overridden by environment.
1694615568234	Marionette	INFO	Listening on port 37741
WebDriver BiDi listening on ws://127.0.0.1:58051
Read port: 37741
1694615568572	RemoteAgent	WARN	TLS certificate errors will be ignored for this session
console.error: ({})
DevTools listening on ws://127.0.0.1:58051/devtools/browser/80432f1a-bd9d-4e6e-9981-23c355f76452
JavaScript error: , line 0: uncaught exception: undefined
JavaScript error: , line 0: TypeError: NetworkError when attempting to fetch resource.
ATTENTION: default value of option mesa_glthread overridden by environment.
JavaScript warning: https://pagead2.googlesyndication.com/bg/cHcu3EGdo_M2vyRVVDr4aifYAmzuFrNOMQiPLv8ePBs.js line 2 > eval line 6821 > eval line 1 > eval line 1 > eval, line 1: WEBGL_debug_renderer_info is deprecated in Firefox and will be removed. Please use RENDERER.
1694615582606	Marionette	INFO	Stopped listening on port 37741
JavaScript error: , line 0: TypeError: NetworkError when attempting to fetch resource.
JavaScript error: , line 0: TypeError: NetworkError when attempting to fetch resource.
JavaScript error: , line 0: TypeError: NetworkError when attempting to fetch resource.
JavaScript error: , line 0: TypeError: NetworkError when attempting to fetch resource.
